<?xml version="1.0" encoding="UTF-8"?>
<testsuite xmlns:xsi="http://www.w3.org/2001/XMLSchema-instance" xsi:noNamespaceSchemaLocation="https://maven.apache.org/surefire/maven-surefire-plugin/xsd/surefire-test-report.xsd" name="pruebasjunit.CocheTest" time="0.054" tests="3" errors="0" skipped="0" failures="0">
  <properties>
[...]
</properties>
  <testcase name="testPrecioFinal1" classname="pruebasjunit.CocheTest" time="0.041"/>
  <testcase name="testPrecioFinal2" classname="pruebasjunit.CocheTest" time="0"/>
  <testcase name="testPrecioFinal3" classname="pruebasjunit.CocheTest" time="0.003"/>
</testsuite>